<?xml version="1.0" encoding="UTF-8"?>
<testsuite xmlns:xsi="http://www.w3.org/2001/XMLSchema-instance" xsi:noNamespaceSchemaLocation="https://maven.apache.org/surefire/maven-surefire-plugin/xsd/surefire-test-report.xsd" version="3.0.2" name="bo.edu.ucb.microservicios.core.dashboard.Repository.PerformanceRepositoryTest" time="1.906" tests="5" errors="0" skipped="0" failures="0">
  <properties>
[...]
</properties>
  <testcase name="testFindByGameId" classname="bo.edu.ucb.microservicios.core.dashboard.Repository.PerformanceRepositoryTest" time="0.069">
    <system-out><![CDATA[2025-04-05T15:55:46.727-04:00  INFO 25436 --- [dashboard] [           main] t.c.s.AnnotationConfigContextLoaderUtils : Could not detect default configuration classes for test class [bo.edu.ucb.microservicios.core.dashboard.Repository.PerformanceRepositoryTest]: PerformanceRepositoryTest does not declare any static, non-private, non-final, nested classes annotated with @Configuration.
2025-04-05T15:55:46.946-04:00  INFO 25436 --- [dashboard] [           main] .b.t.c.SpringBootTestContextBootstrapper : Found @SpringBootConfiguration bo.edu.ucb.microservicios.core.dashboard.DashboardApplication for test class bo.edu.ucb.microservicios.core.dashboard.Repository.PerformanceRepositoryTest

  .   ____          _            __ _ _
 /\\ / ___'_ __ _ _(_)_ __  __ _ \ \ \ \
( ( )\___ | '_ | '_| | '_ \/ _` | \ \ \ \
 \\/  ___)| |_)| | | | | || (_| |  ) ) ) )
  '  |____| .__|_| |_|_| |_\__, | / / / /
 =========|_|==============|___/=/_/_/_/

 :: Spring Boot ::                (v3.4.4)

2025-04-05T15:55:47.069-04:00  INFO 25436 --- [dashboard] [           main] b.e.u.m.c.d.R.PerformanceRepositoryTest  : Starting PerformanceRepositoryTest using Java 17.0.5 with PID 25436 (started by JESUS in D:\taller\TallerSoftware\ProyectoJuego\dashboard)
2025-04-05T15:55:47.070-04:00  INFO 25436 --- [dashboard] [           main] b.e.u.m.c.d.R.PerformanceRepositoryTest  : The following 1 profile is active: "test"
2025-04-05T15:55:47.476-04:00  INFO 25436 --- [dashboard] [           main] .s.d.r.c.RepositoryConfigurationDelegate : Bootstrapping Spring Data JPA repositories in DEFAULT mode.
2025-04-05T15:55:47.678-04:00  INFO 25436 --- [dashboard] [           main] .s.d.r.c.RepositoryConfigurationDelegate : Finished Spring Data repository scanning in 175 ms. Found 1 JPA repository interface.
2025-04-05T15:55:47.831-04:00  INFO 25436 --- [dashboard] [           main] o.hibernate.jpa.internal.util.LogHelper  : HHH000204: Processing PersistenceUnitInfo [name: default]
2025-04-05T15:55:47.846-04:00  INFO 25436 --- [dashboard] [           main] o.h.c.internal.RegionFactoryInitiator    : HHH000026: Second-level cache disabled
2025-04-05T15:55:47.871-04:00  INFO 25436 --- [dashboard] [           main] o.s.o.j.p.SpringPersistenceUnitInfo      : No LoadTimeWeaver setup: ignoring JPA class transformer
2025-04-05T15:55:47.873-04:00  INFO 25436 --- [dashboard] [           main] com.zaxxer.hikari.HikariDataSource       : HikariPool-3 - Starting...
2025-04-05T15:55:47.875-04:00  INFO 25436 --- [dashboard] [           main] com.zaxxer.hikari.pool.HikariPool        : HikariPool-3 - Added connection conn10: url=jdbc:h2:mem:testdb user=SA
2025-04-05T15:55:47.876-04:00  INFO 25436 --- [dashboard] [           main] com.zaxxer.hikari.HikariDataSource       : HikariPool-3 - Start completed.
2025-04-05T15:55:47.879-04:00  WARN 25436 --- [dashboard] [           main] org.hibernate.dialect.Dialect            : HHH000511: The 2.3.232 version for [org.hibernate.dialect.MySQLDialect] is no longer supported, hence certain features may not work properly. The minimum supported version is 8.0.0. Check the community dialects project for available legacy versions.
2025-04-05T15:55:47.879-04:00  WARN 25436 --- [dashboard] [           main] org.hibernate.orm.deprecation            : HHH90000025: MySQLDialect does not need to be specified explicitly using 'hibernate.dialect' (remove the property setting and it will be selected by default)
2025-04-05T15:55:47.880-04:00  INFO 25436 --- [dashboard] [           main] org.hibernate.orm.connections.pooling    : HHH10001005: Database info:
	Database JDBC URL [Connecting through datasource 'HikariDataSource (HikariPool-3)']
	Database driver: undefined/unknown
	Database version: 2.3.232
	Autocommit mode: undefined/unknown
	Isolation level: undefined/unknown
	Minimum pool size: undefined/unknown
	Maximum pool size: undefined/unknown
2025-04-05T15:55:48.138-04:00  INFO 25436 --- [dashboard] [           main] o.h.e.t.j.p.i.JtaPlatformInitiator       : HHH000489: No JTA platform available (set 'hibernate.transaction.jta.platform' to enable JTA platform integration)
Hibernate: 
    drop table if exists performance
Hibernate: 
    create table performance (
        correct_answers integer,
        wrong_answers integer,
        date datetime(6),
        child_id varchar(255) not null,
        game_id varchar(255) not null,
        id varchar(255) not null,
        primary key (id)
    ) engine=InnoDB
2025-04-05T15:55:48.159-04:00  INFO 25436 --- [dashboard] [           main] j.LocalContainerEntityManagerFactoryBean : Initialized JPA EntityManagerFactory for persistence unit 'default'
2025-04-05T15:55:48.374-04:00  INFO 25436 --- [dashboard] [           main] b.e.u.m.c.d.R.PerformanceRepositoryTest  : Started PerformanceRepositoryTest in 1.396 seconds (process running for 20.042)
Hibernate: 
    select
        pe1_0.id,
        pe1_0.child_id,
        pe1_0.correct_answers,
        pe1_0.date,
        pe1_0.game_id,
        pe1_0.wrong_answers 
    from
        performance pe1_0 
    where
        pe1_0.id=?
Hibernate: 
    select
        pe1_0.id,
        pe1_0.child_id,
        pe1_0.correct_answers,
        pe1_0.date,
        pe1_0.game_id,
        pe1_0.wrong_answers 
    from
        performance pe1_0 
    where
        pe1_0.id=?
Hibernate: 
    insert 
    into
        performance
        (child_id, correct_answers, date, game_id, wrong_answers, id) 
    values
        (?, ?, ?, ?, ?, ?)
Hibernate: 
    insert 
    into
        performance
        (child_id, correct_answers, date, game_id, wrong_answers, id) 
    values
        (?, ?, ?, ?, ?, ?)
Hibernate: 
    select
        pe1_0.id,
        pe1_0.child_id,
        pe1_0.correct_answers,
        pe1_0.date,
        pe1_0.game_id,
        pe1_0.wrong_answers 
    from
        performance pe1_0 
    where
        pe1_0.game_id=?
]]></system-out>
  </testcase>
  <testcase name="testFindByChildIdAndGameId" classname="bo.edu.ucb.microservicios.core.dashboard.Repository.PerformanceRepositoryTest" time="0.049">
    <system-out><![CDATA[Hibernate: 
    select
        pe1_0.id,
        pe1_0.child_id,
        pe1_0.correct_answers,
        pe1_0.date,
        pe1_0.game_id,
        pe1_0.wrong_answers 
    from
        performance pe1_0 
    where
        pe1_0.id=?
Hibernate: 
    insert 
    into
        performance
        (child_id, correct_answers, date, game_id, wrong_answers, id) 
    values
        (?, ?, ?, ?, ?, ?)
Hibernate: 
    select
        pe1_0.id,
        pe1_0.child_id,
        pe1_0.correct_answers,
        pe1_0.date,
        pe1_0.game_id,
        pe1_0.wrong_answers 
    from
        performance pe1_0 
    where
        pe1_0.child_id=? 
        and pe1_0.game_id=?
]]></system-out>
  </testcase>
  <testcase name="testFindByDateBetween" classname="bo.edu.ucb.microservicios.core.dashboard.Repository.PerformanceRepositoryTest" time="0.041">
    <system-out><![CDATA[Hibernate: 
    select
        pe1_0.id,
        pe1_0.child_id,
        pe1_0.correct_answers,
        pe1_0.date,
        pe1_0.game_id,
        pe1_0.wrong_answers 
    from
        performance pe1_0 
    where
        pe1_0.id=?
Hibernate: 
    insert 
    into
        performance
        (child_id, correct_answers, date, game_id, wrong_answers, id) 
    values
        (?, ?, ?, ?, ?, ?)
Hibernate: 
    select
        pe1_0.id,
        pe1_0.child_id,
        pe1_0.correct_answers,
        pe1_0.date,
        pe1_0.game_id,
        pe1_0.wrong_answers 
    from
        performance pe1_0 
    where
        pe1_0.date between ? and ?
]]></system-out>
  </testcase>
  <testcase name="testFindByChildId" classname="bo.edu.ucb.microservicios.core.dashboard.Repository.PerformanceRepositoryTest" time="0.054">
    <system-out><![CDATA[Hibernate: 
    select
        pe1_0.id,
        pe1_0.child_id,
        pe1_0.correct_answers,
        pe1_0.date,
        pe1_0.game_id,
        pe1_0.wrong_answers 
    from
        performance pe1_0 
    where
        pe1_0.id=?
Hibernate: 
    select
        pe1_0.id,
        pe1_0.child_id,
        pe1_0.correct_answers,
        pe1_0.date,
        pe1_0.game_id,
        pe1_0.wrong_answers 
    from
        performance pe1_0 
    where
        pe1_0.id=?
Hibernate: 
    insert 
    into
        performance
        (child_id, correct_answers, date, game_id, wrong_answers, id) 
    values
        (?, ?, ?, ?, ?, ?)
Hibernate: 
    insert 
    into
        performance
        (child_id, correct_answers, date, game_id, wrong_answers, id) 
    values
        (?, ?, ?, ?, ?, ?)
Hibernate: 
    select
        pe1_0.id,
        pe1_0.child_id,
        pe1_0.correct_answers,
        pe1_0.date,
        pe1_0.game_id,
        pe1_0.wrong_answers 
    from
        performance pe1_0 
    where
        pe1_0.child_id=?
]]></system-out>
  </testcase>
  <testcase name="testSaveAndFindById" classname="bo.edu.ucb.microservicios.core.dashboard.Repository.PerformanceRepositoryTest" time="0.018">
    <system-out><![CDATA[Hibernate: 
    select
        pe1_0.id,
        pe1_0.child_id,
        pe1_0.correct_answers,
        pe1_0.date,
        pe1_0.game_id,
        pe1_0.wrong_answers 
    from
        performance pe1_0 
    where
        pe1_0.id=?
]]></system-out>
  </testcase>
</testsuite>