<?xml version="1.0" encoding="UTF-8"?>
<testsuite xmlns:xsi="http://www.w3.org/2001/XMLSchema-instance" xsi:noNamespaceSchemaLocation="https://maven.apache.org/surefire/maven-surefire-plugin/xsd/surefire-test-report.xsd" version="3.0.2" name="bo.edu.ucb.microservicios.core.dashboard.Controller.PerformanceControllerTest" time="15.807" tests="3" errors="0" skipped="0" failures="0">
  <properties>
[...]
</properties>
  <testcase name="testCreatePerformance" classname="bo.edu.ucb.microservicios.core.dashboard.Controller.PerformanceControllerTest" time="1.787">
    <system-out><![CDATA[16:15:51.827 [main] INFO org.springframework.test.context.support.AnnotationConfigContextLoaderUtils -- Could not detect default configuration classes for test class [bo.edu.ucb.microservicios.core.dashboard.Controller.PerformanceControllerTest]: PerformanceControllerTest does not declare any static, non-private, non-final, nested classes annotated with @Configuration.
16:15:52.246 [main] INFO org.springframework.boot.test.context.SpringBootTestContextBootstrapper -- Found @SpringBootConfiguration bo.edu.ucb.microservicios.core.dashboard.DashboardApplication for test class bo.edu.ucb.microservicios.core.dashboard.Controller.PerformanceControllerTest

  .   ____          _            __ _ _
 /\\ / ___'_ __ _ _(_)_ __  __ _ \ \ \ \
( ( )\___ | '_ | '_| | '_ \/ _` | \ \ \ \
 \\/  ___)| |_)| | | | | || (_| |  ) ) ) )
  '  |____| .__|_| |_|_| |_\__, | / / / /
 =========|_|==============|___/=/_/_/_/

 :: Spring Boot ::                (v3.4.4)

2025-04-05T16:15:53.704-04:00  INFO 21112 --- [dashboard] [           main] b.e.u.m.c.d.C.PerformanceControllerTest  : Starting PerformanceControllerTest using Java 17.0.5 with PID 21112 (started by JESUS in D:\taller\TallerSoftware\ProyectoJuego\dashboard)
2025-04-05T16:15:53.707-04:00  INFO 21112 --- [dashboard] [           main] b.e.u.m.c.d.C.PerformanceControllerTest  : The following 1 profile is active: "test"
2025-04-05T16:15:56.142-04:00  INFO 21112 --- [dashboard] [           main] .s.d.r.c.RepositoryConfigurationDelegate : Bootstrapping Spring Data JPA repositories in DEFAULT mode.
2025-04-05T16:15:56.320-04:00  INFO 21112 --- [dashboard] [           main] .s.d.r.c.RepositoryConfigurationDelegate : Finished Spring Data repository scanning in 150 ms. Found 1 JPA repository interface.
2025-04-05T16:15:57.657-04:00  INFO 21112 --- [dashboard] [           main] o.hibernate.jpa.internal.util.LogHelper  : HHH000204: Processing PersistenceUnitInfo [name: default]
2025-04-05T16:15:57.869-04:00  INFO 21112 --- [dashboard] [           main] org.hibernate.Version                    : HHH000412: Hibernate ORM core version 6.6.11.Final
2025-04-05T16:15:57.997-04:00  INFO 21112 --- [dashboard] [           main] o.h.c.internal.RegionFactoryInitiator    : HHH000026: Second-level cache disabled
2025-04-05T16:15:59.154-04:00  INFO 21112 --- [dashboard] [           main] o.s.o.j.p.SpringPersistenceUnitInfo      : No LoadTimeWeaver setup: ignoring JPA class transformer
2025-04-05T16:15:59.263-04:00  INFO 21112 --- [dashboard] [           main] com.zaxxer.hikari.HikariDataSource       : HikariPool-1 - Starting...
2025-04-05T16:15:59.883-04:00  INFO 21112 --- [dashboard] [           main] com.zaxxer.hikari.pool.HikariPool        : HikariPool-1 - Added connection conn0: url=jdbc:h2:mem:testdb user=SA
2025-04-05T16:15:59.888-04:00  INFO 21112 --- [dashboard] [           main] com.zaxxer.hikari.HikariDataSource       : HikariPool-1 - Start completed.
2025-04-05T16:15:59.971-04:00  WARN 21112 --- [dashboard] [           main] org.hibernate.dialect.Dialect            : HHH000511: The 2.3.232 version for [org.hibernate.dialect.MySQLDialect] is no longer supported, hence certain features may not work properly. The minimum supported version is 8.0.0. Check the community dialects project for available legacy versions.
2025-04-05T16:15:59.983-04:00  WARN 21112 --- [dashboard] [           main] org.hibernate.orm.deprecation            : HHH90000025: MySQLDialect does not need to be specified explicitly using 'hibernate.dialect' (remove the property setting and it will be selected by default)
2025-04-05T16:16:00.068-04:00  INFO 21112 --- [dashboard] [           main] org.hibernate.orm.connections.pooling    : HHH10001005: Database info:
	Database JDBC URL [Connecting through datasource 'HikariDataSource (HikariPool-1)']
	Database driver: undefined/unknown
	Database version: 2.3.232
	Autocommit mode: undefined/unknown
	Isolation level: undefined/unknown
	Minimum pool size: undefined/unknown
	Maximum pool size: undefined/unknown
2025-04-05T16:16:01.946-04:00  INFO 21112 --- [dashboard] [           main] o.h.e.t.j.p.i.JtaPlatformInitiator       : HHH000489: No JTA platform available (set 'hibernate.transaction.jta.platform' to enable JTA platform integration)
Hibernate: 
    drop table if exists performance
Hibernate: 
    create table performance (
        correct_answers integer,
        wrong_answers integer,
        date datetime(6),
        child_id varchar(255) not null,
        game_id varchar(255) not null,
        id varchar(255) not null,
        primary key (id)
    ) engine=InnoDB
2025-04-05T16:16:02.023-04:00  INFO 21112 --- [dashboard] [           main] j.LocalContainerEntityManagerFactoryBean : Initialized JPA EntityManagerFactory for persistence unit 'default'
2025-04-05T16:16:03.539-04:00  WARN 21112 --- [dashboard] [           main] JpaBaseConfiguration$JpaWebConfiguration : spring.jpa.open-in-view is enabled by default. Therefore, database queries may be performed during view rendering. Explicitly configure spring.jpa.open-in-view to disable this warning
2025-04-05T16:16:03.664-04:00  INFO 21112 --- [dashboard] [           main] o.s.v.b.OptionalValidatorFactoryBean     : Failed to set up a Bean Validation provider: jakarta.validation.NoProviderFoundException: Unable to create a Configuration, because no Jakarta Bean Validation provider could be found. Add a provider like Hibernate Validator (RI) to your classpath.
2025-04-05T16:16:04.748-04:00  INFO 21112 --- [dashboard] [           main] o.s.b.t.m.w.SpringBootMockServletContext : Initializing Spring TestDispatcherServlet ''
2025-04-05T16:16:04.750-04:00  INFO 21112 --- [dashboard] [           main] o.s.t.web.servlet.TestDispatcherServlet  : Initializing Servlet ''
2025-04-05T16:16:04.755-04:00  INFO 21112 --- [dashboard] [           main] o.s.t.web.servlet.TestDispatcherServlet  : Completed initialization in 2 ms
2025-04-05T16:16:04.833-04:00  INFO 21112 --- [dashboard] [           main] b.e.u.m.c.d.C.PerformanceControllerTest  : Started PerformanceControllerTest in 12.141 seconds (process running for 15.016)
Hibernate: 
    select
        pe1_0.id,
        pe1_0.child_id,
        pe1_0.correct_answers,
        pe1_0.date,
        pe1_0.game_id,
        pe1_0.wrong_answers 
    from
        performance pe1_0 
    where
        pe1_0.id=?
Hibernate: 
    insert 
    into
        performance
        (child_id, correct_answers, date, game_id, wrong_answers, id) 
    values
        (?, ?, ?, ?, ?, ?)
]]></system-out>
  </testcase>
  <testcase name="testGetPerformanceByChildId" classname="bo.edu.ucb.microservicios.core.dashboard.Controller.PerformanceControllerTest" time="0.356">
    <system-out><![CDATA[Hibernate: 
    select
        pe1_0.id,
        pe1_0.child_id,
        pe1_0.correct_answers,
        pe1_0.date,
        pe1_0.game_id,
        pe1_0.wrong_answers 
    from
        performance pe1_0 
    where
        pe1_0.id=?
Hibernate: 
    insert 
    into
        performance
        (child_id, correct_answers, date, game_id, wrong_answers, id) 
    values
        (?, ?, ?, ?, ?, ?)
Hibernate: 
    select
        pe1_0.id,
        pe1_0.child_id,
        pe1_0.correct_answers,
        pe1_0.date,
        pe1_0.game_id,
        pe1_0.wrong_answers 
    from
        performance pe1_0 
    where
        pe1_0.child_id=?
]]></system-out>
  </testcase>
  <testcase name="testGetPerformanceById" classname="bo.edu.ucb.microservicios.core.dashboard.Controller.PerformanceControllerTest" time="0.095">
    <system-out><![CDATA[Hibernate: 
    select
        pe1_0.id,
        pe1_0.child_id,
        pe1_0.correct_answers,
        pe1_0.date,
        pe1_0.game_id,
        pe1_0.wrong_answers 
    from
        performance pe1_0 
    where
        pe1_0.id=?
Hibernate: 
    insert 
    into
        performance
        (child_id, correct_answers, date, game_id, wrong_answers, id) 
    values
        (?, ?, ?, ?, ?, ?)
Hibernate: 
    select
        pe1_0.id,
        pe1_0.child_id,
        pe1_0.correct_answers,
        pe1_0.date,
        pe1_0.game_id,
        pe1_0.wrong_answers 
    from
        performance pe1_0 
    where
        pe1_0.id=?
]]></system-out>
  </testcase>
</testsuite>